
> dietfarmweb@1.0.0 start /home/ubuntu/DietFarmWeb
> npm run lint && nodemon dist/server


> dietfarmweb@1.0.0 lint /home/ubuntu/DietFarmWeb
> tslint -p . && tsc

[33m[nodemon] 2.0.7[39m
[33m[nodemon] to restart at any time, enter `rs`[39m
[33m[nodemon] watching path(s): *.*[39m
[33m[nodemon] watching extensions: js,mjs,json[39m
[32m[nodemon] starting `node dist/server.js`[39m
events.js:353
      throw er; // Unhandled 'error' event
      ^

Error: EBADF: bad file descriptor, read
Emitted 'error' event on ReadStream instance at:
    at internal/fs/streams.js:173:14
    at FSReqCallback.wrapper [as oncomplete] (fs.js:561:5) {
  errno: -9,
  code: 'EBADF',
  syscall: 'read'
}
npm ERR! code ELIFECYCLE
npm ERR! errno 1
npm ERR! dietfarmweb@1.0.0 start: `npm run lint && nodemon dist/server`
npm ERR! Exit status 1
npm ERR! 
npm ERR! Failed at the dietfarmweb@1.0.0 start script.
npm ERR! This is probably not a problem with npm. There is likely additional logging output above.

npm ERR! A complete log of this run can be found in:
npm ERR!     /home/ubuntu/.npm/_logs/2021-06-25T10_12_58_706Z-debug.log
